{"sessionId":"7dcd23","runId":"trace","hypothesisId":"H1","location":"DebugApiRequestLoggingFilter","message":"api-shaped request before chain","data":{"method":"POST","requestURI":"/api/statistics/salesRanking","servletPath":"/api/statistics/salesRanking"},"timestamp":1778297435073}
{"sessionId":"7dcd23","runId":"trace","hypothesisId":"H1","location":"DebugApiRequestLoggingFilter","message":"api-shaped request before chain","data":{"method":"POST","requestURI":"/api/statistics/repaymentReminder","servletPath":"/api/statistics/repaymentReminder"},"timestamp":1778297435074}
{"sessionId":"7dcd23","runId":"trace","hypothesisId":"H1","location":"DebugApiRequestLoggingFilter","message":"api-shaped request before chain","data":{"method":"POST","requestURI":"/api/statistics/dashboard","servletPath":"/api/statistics/dashboard"},"timestamp":1778297435073}
{"sessionId":"7dcd23","runId":"trace","hypothesisId":"H1","location":"DebugApiRequestLoggingFilter","message":"api-shaped request before chain","data":{"method":"POST","requestURI":"/api/statistics/salesTrend","servletPath":"/api/statistics/salesTrend"},"timestamp":1778297435076}
{"sessionId":"7dcd23","runId":"trace","hypothesisId":"H1","location":"DebugApiRequestLoggingFilter","message":"api-shaped request before chain","data":{"method":"POST","requestURI":"/api/statistics/categoryPie","servletPath":"/api/statistics/categoryPie"},"timestamp":1778297435074}
{"sessionId":"7dcd23","runId":"trace","hypothesisId":"H1","location":"DebugApiRequestLoggingFilter","message":"api-shaped request after chain","data":{"method":"POST","requestURI":"/api/statistics/repaymentReminder","status":200},"timestamp":1778297435235}
{"sessionId":"7dcd23","runId":"trace","hypothesisId":"H1","location":"DebugApiRequestLoggingFilter","message":"api-shaped request after chain","data":{"method":"POST","requestURI":"/api/statistics/salesRanking","status":200},"timestamp":1778297435235}
{"sessionId":"7dcd23","runId":"trace","hypothesisId":"H1","location":"DebugApiRequestLoggingFilter","message":"api-shaped request after chain","data":{"method":"POST","requestURI":"/api/statistics/salesTrend","status":200},"timestamp":1778297435235}
{"sessionId":"7dcd23","runId":"trace","hypothesisId":"H1","location":"DebugApiRequestLoggingFilter","message":"api-shaped request after chain","data":{"method":"POST","requestURI":"/api/statistics/dashboard","status":200},"timestamp":1778297435235}
{"sessionId":"7dcd23","runId":"trace","hypothesisId":"H1","location":"DebugApiRequestLoggingFilter","message":"api-shaped request after chain","data":{"method":"POST","requestURI":"/api/statistics/categoryPie","status":200},"timestamp":1778297435235}
{"sessionId":"7dcd23","runId":"trace","hypothesisId":"H1","location":"DebugApiRequestLoggingFilter","message":"api-shaped request before chain","data":{"method":"POST","requestURI":"/api/statistics/salesTrend","servletPath":"/api/statistics/salesTrend"},"timestamp":1778297437017}
{"sessionId":"7dcd23","runId":"trace","hypothesisId":"H1","location":"DebugApiRequestLoggingFilter","message":"api-shaped request before chain","data":{"method":"POST","requestURI":"/api/statistics/dashboard","servletPath":"/api/statistics/dashboard"},"timestamp":1778297437017}
{"sessionId":"7dcd23","runId":"trace","hypothesisId":"H3","location":"StatisticsController.dashboard","message":"dashboard endpoint hit","data":{},"timestamp":1778297437018}
{"sessionId":"7dcd23","runId":"trace","hypothesisId":"H1","location":"DebugApiRequestLoggingFilter","message":"api-shaped request before chain","data":{"method":"POST","requestURI":"/api/statistics/salesRanking","servletPath":"/api/statistics/salesRanking"},"timestamp":1778297437020}
{"sessionId":"7dcd23","runId":"trace","hypothesisId":"H1","location":"DebugApiRequestLoggingFilter","message":"api-shaped request before chain","data":{"method":"POST","requestURI":"/api/statistics/categoryPie","servletPath":"/api/statistics/categoryPie"},"timestamp":1778297437020}
{"sessionId":"7dcd23","runId":"trace","hypothesisId":"H1","location":"DebugApiRequestLoggingFilter","message":"api-shaped request before chain","data":{"method":"POST","requestURI":"/api/statistics/repaymentReminder","servletPath":"/api/statistics/repaymentReminder"},"timestamp":1778297437020}
{"sessionId":"7dcd23","runId":"post-fix","hypothesisId":"H-fix","location":"StatisticsController.repaymentReminder","message":"endpoint hit","data":{},"timestamp":1778297437022}
{"sessionId":"7dcd23","runId":"trace","hypothesisId":"H1","location":"DebugApiRequestLoggingFilter","message":"api-shaped request after chain","data":{"method":"POST","requestURI":"/api/statistics/repaymentReminder","status":200},"timestamp":1778297437032}
{"sessionId":"7dcd23","runId":"trace","hypothesisId":"H1","location":"DebugApiRequestLoggingFilter","message":"api-shaped request after chain","data":{"method":"POST","requestURI":"/api/statistics/salesRanking","status":200},"timestamp":1778297437069}
{"sessionId":"7dcd23","runId":"trace","hypothesisId":"H1","location":"DebugApiRequestLoggingFilter","message":"api-shaped request after chain","data":{"method":"POST","requestURI":"/api/statistics/categoryPie","status":200},"timestamp":1778297437069}
{"sessionId":"7dcd23","runId":"trace","hypothesisId":"H1","location":"DebugApiRequestLoggingFilter","message":"api-shaped request after chain","data":{"method":"POST","requestURI":"/api/statistics/dashboard","status":200},"timestamp":1778297437095}
{"sessionId":"7dcd23","runId":"trace","hypothesisId":"H1","location":"DebugApiRequestLoggingFilter","message":"api-shaped request after chain","data":{"method":"POST","requestURI":"/api/statistics/salesTrend","status":200},"timestamp":1778297437109}
{"sessionId":"7dcd23","runId":"trace","hypothesisId":"H1","location":"DebugApiRequestLoggingFilter","message":"api-shaped request before chain","data":{"method":"POST","requestURI":"/api/region/all","servletPath":"/api/region/all"},"timestamp":1778297438067}
{"sessionId":"7dcd23","runId":"post-fix","hypothesisId":"H-fix","location":"RegionController.all","message":"endpoint hit","data":{},"timestamp":1778297438069}
{"sessionId":"7dcd23","runId":"trace","hypothesisId":"H1","location":"DebugApiRequestLoggingFilter","message":"api-shaped request after chain","data":{"method":"POST","requestURI":"/api/region/all","status":200},"timestamp":1778297438072}
{"sessionId":"7dcd23","runId":"trace","hypothesisId":"H1","location":"DebugApiRequestLoggingFilter","message":"api-shaped request before chain","data":{"method":"POST","requestURI":"/api/statistics/dashboard","servletPath":"/api/statistics/dashboard"},"timestamp":1778297438461}
{"sessionId":"7dcd23","runId":"trace","hypothesisId":"H3","location":"StatisticsController.dashboard","message":"dashboard endpoint hit","data":{},"timestamp":1778297438463}
{"sessionId":"7dcd23","runId":"trace","hypothesisId":"H1","location":"DebugApiRequestLoggingFilter","message":"api-shaped request before chain","data":{"method":"POST","requestURI":"/api/statistics/salesTrend","servletPath":"/api/statistics/salesTrend"},"timestamp":1778297438467}
{"sessionId":"7dcd23","runId":"trace","hypothesisId":"H1","location":"DebugApiRequestLoggingFilter","message":"api-shaped request before chain","data":{"method":"POST","requestURI":"/api/statistics/salesRanking","servletPath":"/api/statistics/salesRanking"},"timestamp":1778297438469}
{"sessionId":"7dcd23","runId":"trace","hypothesisId":"H1","location":"DebugApiRequestLoggingFilter","message":"api-shaped request before chain","data":{"method":"POST","requestURI":"/api/statistics/categoryPie","servletPath":"/api/statistics/categoryPie"},"timestamp":1778297438469}
{"sessionId":"7dcd23","runId":"trace","hypothesisId":"H1","location":"DebugApiRequestLoggingFilter","message":"api-shaped request before chain","data":{"method":"POST","requestURI":"/api/statistics/repaymentReminder","servletPath":"/api/statistics/repaymentReminder"},"timestamp":1778297438470}
{"sessionId":"7dcd23","runId":"post-fix","hypothesisId":"H-fix","location":"StatisticsController.repaymentReminder","message":"endpoint hit","data":{},"timestamp":1778297438471}
{"sessionId":"7dcd23","runId":"trace","hypothesisId":"H1","location":"DebugApiRequestLoggingFilter","message":"api-shaped request after chain","data":{"method":"POST","requestURI":"/api/statistics/repaymentReminder","status":200},"timestamp":1778297438475}
{"sessionId":"7dcd23","runId":"trace","hypothesisId":"H1","location":"DebugApiRequestLoggingFilter","message":"api-shaped request after chain","data":{"method":"POST","requestURI":"/api/statistics/salesRanking","status":200},"timestamp":1778297438480}
{"sessionId":"7dcd23","runId":"trace","hypothesisId":"H1","location":"DebugApiRequestLoggingFilter","message":"api-shaped request after chain","data":{"method":"POST","requestURI":"/api/statistics/categoryPie","status":200},"timestamp":1778297438480}
{"sessionId":"7dcd23","runId":"trace","hypothesisId":"H1","location":"DebugApiRequestLoggingFilter","message":"api-shaped request after chain","data":{"method":"POST","requestURI":"/api/statistics/dashboard","status":200},"timestamp":1778297438485}
{"sessionId":"7dcd23","runId":"trace","hypothesisId":"H1","location":"DebugApiRequestLoggingFilter","message":"api-shaped request after chain","data":{"method":"POST","requestURI":"/api/statistics/salesTrend","status":200},"timestamp":1778297438509}
{"sessionId":"7dcd23","runId":"trace","hypothesisId":"H1","location":"DebugApiRequestLoggingFilter","message":"api-shaped request before chain","data":{"method":"POST","requestURI":"/api/statistics/dashboard","servletPath":"/api/statistics/dashboard"},"timestamp":1778297477734}
{"sessionId":"7dcd23","runId":"trace","hypothesisId":"H1","location":"DebugApiRequestLoggingFilter","message":"api-shaped request before chain","data":{"method":"POST","requestURI":"/api/statistics/salesTrend","servletPath":"/api/statistics/salesTrend"},"timestamp":1778297477734}
{"sessionId":"7dcd23","runId":"trace","hypothesisId":"H1","location":"DebugApiRequestLoggingFilter","message":"api-shaped request before chain","data":{"method":"POST","requestURI":"/api/statistics/categoryPie","servletPath":"/api/statistics/categoryPie"},"timestamp":1778297477736}
{"sessionId":"7dcd23","runId":"trace","hypothesisId":"H1","location":"DebugApiRequestLoggingFilter","message":"api-shaped request before chain","data":{"method":"POST","requestURI":"/api/statistics/salesRanking","servletPath":"/api/statistics/salesRanking"},"timestamp":1778297477736}
{"sessionId":"7dcd23","runId":"trace","hypothesisId":"H3","location":"StatisticsController.dashboard","message":"dashboard endpoint hit","data":{},"timestamp":1778297477736}
{"sessionId":"7dcd23","runId":"trace","hypothesisId":"H1","location":"DebugApiRequestLoggingFilter","message":"api-shaped request before chain","data":{"method":"POST","requestURI":"/api/statistics/repaymentReminder","servletPath":"/api/statistics/repaymentReminder"},"timestamp":1778297477738}
{"sessionId":"7dcd23","runId":"post-fix","hypothesisId":"H-fix","location":"StatisticsController.repaymentReminder","message":"endpoint hit","data":{},"timestamp":1778297477741}
{"sessionId":"7dcd23","runId":"trace","hypothesisId":"H1","location":"DebugApiRequestLoggingFilter","message":"api-shaped request after chain","data":{"method":"POST","requestURI":"/api/statistics/repaymentReminder","status":200},"timestamp":1778297477748}
{"sessionId":"7dcd23","runId":"trace","hypothesisId":"H1","location":"DebugApiRequestLoggingFilter","message":"api-shaped request after chain","data":{"method":"POST","requestURI":"/api/statistics/categoryPie","status":200},"timestamp":1778297477754}
{"sessionId":"7dcd23","runId":"trace","hypothesisId":"H1","location":"DebugApiRequestLoggingFilter","message":"api-shaped request after chain","data":{"method":"POST","requestURI":"/api/statistics/salesRanking","status":200},"timestamp":1778297477757}
{"sessionId":"7dcd23","runId":"trace","hypothesisId":"H1","location":"DebugApiRequestLoggingFilter","message":"api-shaped request after chain","data":{"method":"POST","requestURI":"/api/statistics/dashboard","status":200},"timestamp":1778297477766}
{"sessionId":"7dcd23","runId":"trace","hypothesisId":"H1","location":"DebugApiRequestLoggingFilter","message":"api-shaped request after chain","data":{"method":"POST","requestURI":"/api/statistics/salesTrend","status":200},"timestamp":1778297477785}
{"sessionId":"7dcd23","runId":"trace","hypothesisId":"H1","location":"DebugApiRequestLoggingFilter","message":"api-shaped request before chain","data":{"method":"POST","requestURI":"/api/statistics/dashboard","servletPath":"/api/statistics/dashboard"},"timestamp":1778297592548}
{"sessionId":"7dcd23","runId":"trace","hypothesisId":"H1","location":"DebugApiRequestLoggingFilter","message":"api-shaped request before chain","data":{"method":"POST","requestURI":"/api/statistics/salesTrend","servletPath":"/api/statistics/salesTrend"},"timestamp":1778297592549}
{"sessionId":"7dcd23","runId":"trace","hypothesisId":"H3","location":"StatisticsController.dashboard","message":"dashboard endpoint hit","data":{},"timestamp":1778297592550}
{"sessionId":"7dcd23","runId":"trace","hypothesisId":"H1","location":"DebugApiRequestLoggingFilter","message":"api-shaped request before chain","data":{"method":"POST","requestURI":"/api/statistics/salesRanking","servletPath":"/api/statistics/salesRanking"},"timestamp":1778297592557}
{"sessionId":"7dcd23","runId":"trace","hypothesisId":"H1","location":"DebugApiRequestLoggingFilter","message":"api-shaped request before chain","data":{"method":"POST","requestURI":"/api/statistics/categoryPie","servletPath":"/api/statistics/categoryPie"},"timestamp":1778297592557}
{"sessionId":"7dcd23","runId":"trace","hypothesisId":"H1","location":"DebugApiRequestLoggingFilter","message":"api-shaped request before chain","data":{"method":"POST","requestURI":"/api/statistics/repaymentReminder","servletPath":"/api/statistics/repaymentReminder"},"timestamp":1778297592557}
{"sessionId":"7dcd23","runId":"post-fix","hypothesisId":"H-fix","location":"StatisticsController.repaymentReminder","message":"endpoint hit","data":{},"timestamp":1778297592559}
{"sessionId":"7dcd23","runId":"trace","hypothesisId":"H1","location":"DebugApiRequestLoggingFilter","message":"api-shaped request after chain","data":{"method":"POST","requestURI":"/api/statistics/repaymentReminder","status":200},"timestamp":1778297592561}
{"sessionId":"7dcd23","runId":"trace","hypothesisId":"H1","location":"DebugApiRequestLoggingFilter","message":"api-shaped request after chain","data":{"method":"POST","requestURI":"/api/statistics/categoryPie","status":200},"timestamp":1778297592566}
{"sessionId":"7dcd23","runId":"trace","hypothesisId":"H1","location":"DebugApiRequestLoggingFilter","message":"api-shaped request after chain","data":{"method":"POST","requestURI":"/api/statistics/dashboard","status":200},"timestamp":1778297592568}
{"sessionId":"7dcd23","runId":"trace","hypothesisId":"H1","location":"DebugApiRequestLoggingFilter","message":"api-shaped request after chain","data":{"method":"POST","requestURI":"/api/statistics/salesRanking","status":200},"timestamp":1778297592569}
{"sessionId":"7dcd23","runId":"trace","hypothesisId":"H1","location":"DebugApiRequestLoggingFilter","message":"api-shaped request after chain","data":{"method":"POST","requestURI":"/api/statistics/salesTrend","status":200},"timestamp":1778297592590}
